e:\ustc\6.cpp\singlelinkedlist\singlelinkedlist\debug\singlelinkedlist.pch
e:\ustc\6.cpp\singlelinkedlist\singlelinkedlist\debug\vc120.pdb
e:\ustc\6.cpp\singlelinkedlist\singlelinkedlist\debug\vc120.idb
e:\ustc\6.cpp\singlelinkedlist\singlelinkedlist\debug\stdafx.obj
e:\ustc\6.cpp\singlelinkedlist\debug\singlelinkedlist.ilk
e:\ustc\6.cpp\singlelinkedlist\debug\singlelinkedlist.exe
e:\ustc\6.cpp\singlelinkedlist\debug\singlelinkedlist.pdb
e:\ustc\6.cpp\singlelinkedlist\singlelinkedlist\debug\singlelinkedlist(lynnc--lx--2014-07-12-16,04,05).obj
e:\ustc\6.cpp\singlelinkedlist\singlelinkedlist\debug\vc120(lynnc--lx--2014-07-12-16,04,50).idb
e:\ustc\6.cpp\singlelinkedlist\singlelinkedlist\debug\vc120(lynnc--lx--2014-07-12-16,04,50).pdb
e:\ustc\6.cpp\singlelinkedlist\singlelinkedlist\debug\vc120(lynnc--lx--2014-07-12-16,04,52).pdb
e:\ustc\6.cpp\singlelinkedlist\singlelinkedlist\debug\singlelinkedlist.tlog\cl.command.1.tlog
e:\ustc\6.cpp\singlelinkedlist\singlelinkedlist\debug\singlelinkedlist.tlog\cl.read.1.tlog
e:\ustc\6.cpp\singlelinkedlist\singlelinkedlist\debug\singlelinkedlist.tlog\cl.write.1(lynnc--lx--2014-07-12-16,04,33).tlog
e:\ustc\6.cpp\singlelinkedlist\singlelinkedlist\debug\singlelinkedlist.tlog\cl.write.1(lynnc--lx--2014-07-12-16,04,35).tlog
e:\ustc\6.cpp\singlelinkedlist\singlelinkedlist\debug\singlelinkedlist.tlog\cl.write.1.tlog
e:\ustc\6.cpp\singlelinkedlist\singlelinkedlist\debug\singlelinkedlist.tlog\link.command.1.tlog
e:\ustc\6.cpp\singlelinkedlist\singlelinkedlist\debug\singlelinkedlist.tlog\link.read.1(lynnc--lx--2014-07-12-16,04,33).tlog
e:\ustc\6.cpp\singlelinkedlist\singlelinkedlist\debug\singlelinkedlist.tlog\link.read.1.tlog
e:\ustc\6.cpp\singlelinkedlist\singlelinkedlist\debug\singlelinkedlist.tlog\link.write.1.tlog
